Unity Editor version:    2021.3.19f1 (c9714fde33b6)
Branch:                  2021.3/staging
Build type:              Release
Batch mode:              YES
macOS version:           Version 12.5 (Build 21G72)
Darwin version:          21.6.0
Architecture:            arm64
Running under Rosetta:   NO
Available memory:        16384 MB
Using pre-set license
Pro License: YES

COMMAND LINE ARGUMENTS:
/Applications/Unity/Hub/Editor/2021.3.19f1/Unity.app/Contents/MacOS/Unity
-adb2
-batchMode
-noUpm
-name
AssetImportWorker0
-projectPath
/Users/andrii/Projects/Education/Students/Vadym Pavlichenko/Graveyard-Keeper-Clone/Graveyard-Keeper-Clone
-logFile
Logs/AssetImportWorker0.log
-srvPort
52478
Successfully changed project path to: /Users/andrii/Projects/Education/Students/Vadym Pavlichenko/Graveyard-Keeper-Clone/Graveyard-Keeper-Clone
/Users/andrii/Projects/Education/Students/Vadym Pavlichenko/Graveyard-Keeper-Clone/Graveyard-Keeper-Clone
[UnityMemory] Configuration Parameters - Can be set up in boot.config
    "memorysetup-bucket-allocator-granularity=16"
    "memorysetup-bucket-allocator-bucket-count=8"
    "memorysetup-bucket-allocator-block-size=33554432"
    "memorysetup-bucket-allocator-block-count=8"
    "memorysetup-main-allocator-block-size=16777216"
    "memorysetup-thread-allocator-block-size=16777216"
    "memorysetup-gfx-main-allocator-block-size=16777216"
    "memorysetup-gfx-thread-allocator-block-size=16777216"
    "memorysetup-cache-allocator-block-size=4194304"
    "memorysetup-typetree-allocator-block-size=2097152"
    "memorysetup-profiler-bucket-allocator-granularity=16"
    "memorysetup-profiler-bucket-allocator-bucket-count=8"
    "memorysetup-profiler-bucket-allocator-block-size=33554432"
    "memorysetup-profiler-bucket-allocator-block-count=8"
    "memorysetup-profiler-allocator-block-size=16777216"
    "memorysetup-profiler-editor-allocator-block-size=1048576"
    "memorysetup-temp-allocator-size-main=16777216"
    "memorysetup-job-temp-allocator-block-size=2097152"
    "memorysetup-job-temp-allocator-block-size-background=1048576"
    "memorysetup-job-temp-allocator-reduction-small-platforms=262144"
    "memorysetup-temp-allocator-size-background-worker=32768"
    "memorysetup-temp-allocator-size-job-worker=262144"
    "memorysetup-temp-allocator-size-preload-manager=33554432"
    "memorysetup-temp-allocator-size-nav-mesh-worker=65536"
    "memorysetup-temp-allocator-size-audio-worker=65536"
    "memorysetup-temp-allocator-size-cloud-worker=32768"
    "memorysetup-temp-allocator-size-gi-baking-worker=262144"
    "memorysetup-temp-allocator-size-gfx=262144"
Player connection [4431578496] Host "[IP] 192.168.0.100 [Port] 0 [Flags] 2 [Guid] 3776707794 [EditorId] 3776707794 [Version] 1048832 [Id] OSXEditor(0,MacBook-Pro-Andrii.local) [Debug] 1 [PackageName] OSXEditor [ProjectName] Editor" joined multi-casting on [225.0.0.222:54997]...

Player connection [4431578496] Host "[IP] 192.168.0.100 [Port] 0 [Flags] 2 [Guid] 3776707794 [EditorId] 3776707794 [Version] 1048832 [Id] OSXEditor(0,MacBook-Pro-Andrii.local) [Debug] 1 [PackageName] OSXEditor [ProjectName] Editor" joined alternative multi-casting on [225.0.0.222:34997]...

Refreshing native plugins compatible for Editor in 101.22 ms, found 2 plugins.
Preloading 0 native plugins for Editor in 0.00 ms.
Initialize engine version: 2021.3.19f1 (c9714fde33b6)
[Subsystems] Discovering subsystems at path /Applications/Unity/Hub/Editor/2021.3.19f1/Unity.app/Contents/Resources/UnitySubsystems
[Subsystems] Discovering subsystems at path /Users/andrii/Projects/Education/Students/Vadym Pavlichenko/Graveyard-Keeper-Clone/Graveyard-Keeper-Clone/Assets
GfxDevice: creating device client; threaded=0; jobified=0
 preferred device: Apple M1 Pro (high power)
Metal devices available: 1
0: Apple M1 Pro (high power)
Using device Apple M1 Pro (high power)
Initializing Metal device caps: Apple M1 Pro
Initialize mono
Mono path[0] = '/Applications/Unity/Hub/Editor/2021.3.19f1/Unity.app/Contents/Managed'
Mono path[1] = '/Applications/Unity/Hub/Editor/2021.3.19f1/Unity.app/Contents/MonoBleedingEdge/lib/mono/unityjit-macos'
Mono config path = '/Applications/Unity/Hub/Editor/2021.3.19f1/Unity.app/Contents/MonoBleedingEdge/etc'
Using monoOptions --debugger-agent=transport=dt_socket,embedding=1,server=y,suspend=n,address=127.0.0.1:56154
Begin MonoManager ReloadAssembly
Registering precompiled unity dll's ...
Register platform support module: /Applications/Unity/Hub/Editor/2021.3.19f1/Unity.app/Contents/PlaybackEngines/MacStandaloneSupport/UnityEditor.OSXStandalone.Extensions.dll
Register platform support module: /Applications/Unity/Hub/Editor/2021.3.19f1/PlaybackEngines/AndroidPlayer/UnityEditor.Android.Extensions.dll
Registered in 0.001215 seconds.
Native extension for Android target not found
Android Extension - Scanning For ADB Devices 74 ms
Native extension for OSXStandalone target not found
Refreshing native plugins compatible for Editor in 102.34 ms, found 2 plugins.
Preloading 0 native plugins for Editor in 0.00 ms.
Mono: successfully reloaded assembly
- Completed reload, in  0.606 seconds
Domain Reload Profiling:
	ReloadAssembly (606ms)
		BeginReloadAssembly (61ms)
			ExecutionOrderSort (0ms)
			DisableScriptedObjects (0ms)
			BackupInstance (0ms)
			ReleaseScriptingObjects (0ms)
			CreateAndSetChildDomain (0ms)
		EndReloadAssembly (468ms)
			LoadAssemblies (61ms)
			RebuildTransferFunctionScriptingTraits (0ms)
			SetupTypeCache (93ms)
			ReleaseScriptCaches (0ms)
			RebuildScriptCaches (23ms)
			SetupLoadedEditorAssemblies (319ms)
				LogAssemblyErrors (0ms)
				InitializePlatformSupportModulesInManaged (125ms)
				SetLoadedEditorAssemblies (0ms)
				RefreshPlugins (102ms)
				BeforeProcessingInitializeOnLoad (1ms)
				ProcessInitializeOnLoadAttributes (57ms)
				ProcessInitializeOnLoadMethodAttributes (34ms)
				AfterProcessingInitializeOnLoad (0ms)
				EditorAssembliesLoaded (0ms)
			ExecutionOrderSort2 (0ms)
			AwakeInstancesAfterBackupRestoration (0ms)
Platform modules already initialized, skipping
Registering precompiled user dll's ...
Registered in 0.001404 seconds.
Begin MonoManager ReloadAssembly
Symbol file LoadedFromMemory doesn't match image /Users/andrii/Projects/Education/Students/Vadym Pavlichenko/Graveyard-Keeper-Clone/Graveyard-Keeper-Clone/Library/PackageCache/com.unity.visualscripting@1.8.0/Editor/VisualScripting.Core/Dependencies/YamlDotNet/Unity.VisualScripting.YamlDotNet.dll
Symbol file LoadedFromMemory doesn't match image /Users/andrii/Projects/Education/Students/Vadym Pavlichenko/Graveyard-Keeper-Clone/Graveyard-Keeper-Clone/Library/PackageCache/com.unity.visualscripting@1.8.0/Editor/VisualScripting.Core/Dependencies/DotNetZip/Unity.VisualScripting.IonicZip.dll
Native extension for Android target not found
Native extension for OSXStandalone target not found
Refreshing native plugins compatible for Editor in 106.84 ms, found 2 plugins.
Preloading 0 native plugins for Editor in 0.00 ms.
Mono: successfully reloaded assembly
- Completed reload, in  1.216 seconds
Domain Reload Profiling:
	ReloadAssembly (1217ms)
		BeginReloadAssembly (69ms)
			ExecutionOrderSort (0ms)
			DisableScriptedObjects (4ms)
			BackupInstance (0ms)
			ReleaseScriptingObjects (0ms)
			CreateAndSetChildDomain (23ms)
		EndReloadAssembly (1064ms)
			LoadAssemblies (88ms)
			RebuildTransferFunctionScriptingTraits (0ms)
			SetupTypeCache (296ms)
			ReleaseScriptCaches (1ms)
			RebuildScriptCaches (81ms)
			SetupLoadedEditorAssemblies (541ms)
				LogAssemblyErrors (0ms)
				InitializePlatformSupportModulesInManaged (10ms)
				SetLoadedEditorAssemblies (0ms)
				RefreshPlugins (107ms)
				BeforeProcessingInitializeOnLoad (88ms)
				ProcessInitializeOnLoadAttributes (192ms)
				ProcessInitializeOnLoadMethodAttributes (143ms)
				AfterProcessingInitializeOnLoad (1ms)
				EditorAssembliesLoaded (0ms)
			ExecutionOrderSort2 (0ms)
			AwakeInstancesAfterBackupRestoration (2ms)
Platform modules already initialized, skipping
========================================================================
Worker process is ready to serve import requests
Launching external process: /Applications/Unity/Hub/Editor/2021.3.19f1/Unity.app/Contents/Tools/UnityShaderCompiler
Launched and connected shader compiler UnityShaderCompiler after 0.05 seconds
Refreshing native plugins compatible for Editor in 0.70 ms, found 2 plugins.
Preloading 0 native plugins for Editor in 0.00 ms.
Unloading 5924 Unused Serialized files (Serialized files now loaded: 0)
Unloading 52 unused Assets / (1.6 MB). Loaded Objects now: 6376.
Memory consumption went from 269.3 MB to 267.7 MB.
Total: 3.264083 ms (FindLiveObjects: 0.208542 ms CreateObjectMapping: 0.078000 ms MarkObjects: 2.524542 ms  DeleteObjects: 0.450042 ms)

AssetImportParameters requested are different than current active one (requested -> active):
  custom:video-decoder-ogg-theora: a1e56fd34408186e4bbccfd4996cb3dc -> 
  custom:container-muxer-webm: aa71ff27fc2769a1b78a27578f13a17b -> 
  custom:container-demuxer-webm: 4f35f7cbe854078d1ac9338744f61a02 -> 
  custom:video-encoder-webm-vp8: eb34c28f22e8b96e1ab97ce403110664 -> 
  custom:framework-osx-AVFoundation: e770b220cccbd017edd2c1fefb359320 -> 
  custom:audio-encoder-webm-vorbis: bf7c407c2cedff20999df2af8eb42d56 -> 
  custom:container-demuxer-ogg: 62fdf1f143b41e24485cea50d1cbac27 -> 
  custom:video-decoder-webm-vp8: 9c59270c3fd7afecdb556c50c9e8de78 -> 
  custom:audio-decoder-ogg-vorbis: bf7c407c2cedff20999df2af8eb42d56 -> 
========================================================================
Received Import Request.
  Time since last request: 406037.822952 seconds.
  path: Assets/Readme.asset
  artifactKey: Guid(7f2c382dc2c22446db59030979f6e495) Importer(815301076,1909f56bfc062723c751e8b465ee728b)
Start importing Assets/Readme.asset using Guid(7f2c382dc2c22446db59030979f6e495) Importer(815301076,1909f56bfc062723c751e8b465ee728b)  -> (artifact id: '036119d27b878d5f211790f0ea84ffd2') in 0.059857 seconds 
========================================================================
Received Import Request.
  Time since last request: 58.998421 seconds.
  path: Assets/Settings/HDRPDefaultResources/DefaultLookDevProfile.asset
  artifactKey: Guid(4594f4a3fb14247e192bcca6dc23c8ed) Importer(815301076,1909f56bfc062723c751e8b465ee728b)
Start importing Assets/Settings/HDRPDefaultResources/DefaultLookDevProfile.asset using Guid(4594f4a3fb14247e192bcca6dc23c8ed) Importer(815301076,1909f56bfc062723c751e8b465ee728b)  -> (artifact id: '52435bbf845bee274777bd2e08e859fe') in 0.006089 seconds 
========================================================================
Received Import Request.
  Time since last request: 0.000084 seconds.
  path: Assets/Settings/HDRPDefaultResources/HDRenderPipelineAsset.asset
  artifactKey: Guid(b9f3086da92434da0bc1518f19f0ce86) Importer(815301076,1909f56bfc062723c751e8b465ee728b)
Start importing Assets/Settings/HDRPDefaultResources/HDRenderPipelineAsset.asset using Guid(b9f3086da92434da0bc1518f19f0ce86) Importer(815301076,1909f56bfc062723c751e8b465ee728b)  -> (artifact id: '92d4f6f6ef652fcea5d84357f343d204') in 0.003275 seconds 
========================================================================
Received Import Request.
  Time since last request: 0.000041 seconds.
  path: Assets/Settings/HDRPDefaultResources/SkinDiffusionProfile.asset
  artifactKey: Guid(48e911a1e337b44e2b85dbc65b47a594) Importer(815301076,1909f56bfc062723c751e8b465ee728b)
Start importing Assets/Settings/HDRPDefaultResources/SkinDiffusionProfile.asset using Guid(48e911a1e337b44e2b85dbc65b47a594) Importer(815301076,1909f56bfc062723c751e8b465ee728b)  -> (artifact id: 'e0e6cf851646190f783f96ba7363f9cc') in 0.001452 seconds 
========================================================================
Received Import Request.
  Time since last request: 0.000040 seconds.
  path: Assets/Settings/HDRPDefaultResources/FoliageDiffusionProfile.asset
  artifactKey: Guid(879ffae44eefa4412bb327928f1a96dd) Importer(815301076,1909f56bfc062723c751e8b465ee728b)
Start importing Assets/Settings/HDRPDefaultResources/FoliageDiffusionProfile.asset using Guid(879ffae44eefa4412bb327928f1a96dd) Importer(815301076,1909f56bfc062723c751e8b465ee728b)  -> (artifact id: '1e050a54e9b3dc4d6217969a54787b1c') in 0.001334 seconds 
========================================================================
Received Import Request.
  Time since last request: 0.000056 seconds.
  path: Assets/Settings/HDRPDefaultResources/HDRenderPipelineGlobalSettings.asset
  artifactKey: Guid(ac0316ca287ba459492b669ff1317a6f) Importer(815301076,1909f56bfc062723c751e8b465ee728b)
Start importing Assets/Settings/HDRPDefaultResources/HDRenderPipelineGlobalSettings.asset using Guid(ac0316ca287ba459492b669ff1317a6f) Importer(815301076,1909f56bfc062723c751e8b465ee728b)  -> (artifact id: '4412f70be78ea388eb5c05860f260415') in 0.002039 seconds 
========================================================================
Received Import Request.
  Time since last request: 4.775006 seconds.
  path: Assets/OutdoorsScene.unity
  artifactKey: Guid(8124e5870f4fd4c779e7a5f994e84ad1) Importer(815301076,1909f56bfc062723c751e8b465ee728b)
Start importing Assets/OutdoorsScene.unity using Guid(8124e5870f4fd4c779e7a5f994e84ad1) Importer(815301076,1909f56bfc062723c751e8b465ee728b)  -> (artifact id: 'a5e23863e2e5a0709be647c010cf40aa') in 0.000639 seconds 
========================================================================
Received Import Request.
  Time since last request: 0.483701 seconds.
  path: Assets
  artifactKey: Guid(00000000000000001000000000000000) Importer(815301076,1909f56bfc062723c751e8b465ee728b)
Start importing Assets using Guid(00000000000000001000000000000000) Importer(815301076,1909f56bfc062723c751e8b465ee728b)  -> (artifact id: '79842766b460edbeab6a34051e857a80') in 0.000857 seconds 
========================================================================
Received Import Request.
  Time since last request: 5.992823 seconds.
  path: Assets/Scenes
  artifactKey: Guid(a1037e9195bdd44ed887b18a599255ef) Importer(815301076,1909f56bfc062723c751e8b465ee728b)
Start importing Assets/Scenes using Guid(a1037e9195bdd44ed887b18a599255ef) Importer(815301076,1909f56bfc062723c751e8b465ee728b)  -> (artifact id: 'b4a0f7173c3a4ea80289443177573a8c') in 0.000638 seconds 
========================================================================
Received Import Request.
  Time since last request: 10.460733 seconds.
  path: Assets/Scenes/Main.unity
  artifactKey: Guid(8124e5870f4fd4c779e7a5f994e84ad1) Importer(815301076,1909f56bfc062723c751e8b465ee728b)
Start importing Assets/Scenes/Main.unity using Guid(8124e5870f4fd4c779e7a5f994e84ad1) Importer(815301076,1909f56bfc062723c751e8b465ee728b)  -> (artifact id: '4c5cd9225a300996e447d3b56d4648e8') in 0.001394 seconds 
========================================================================
Received Import Request.
  Time since last request: 16.380349 seconds.
  path: Assets/Scripts
  artifactKey: Guid(4dac3fb9e1d1c4351a5064d20159d76c) Importer(815301076,1909f56bfc062723c751e8b465ee728b)
Start importing Assets/Scripts using Guid(4dac3fb9e1d1c4351a5064d20159d76c) Importer(815301076,1909f56bfc062723c751e8b465ee728b)  -> (artifact id: '18a54fdbc2cdd9aee649fd01bc274c94') in 0.000693 seconds 
========================================================================
Received Import Request.
  Time since last request: 57.201214 seconds.
  path: Assets/Scripts/Player
  artifactKey: Guid(d0cff179372e342d6840e8c50b50432b) Importer(815301076,1909f56bfc062723c751e8b465ee728b)
Start importing Assets/Scripts/Player using Guid(d0cff179372e342d6840e8c50b50432b) Importer(815301076,1909f56bfc062723c751e8b465ee728b)  -> (artifact id: '0c9977bcc141a6e6a962075cfd4d9ee6') in 0.001249 seconds 
========================================================================
Received Import Request.
  Time since last request: 1.300078 seconds.
  path: Assets/Scripts/MoveByPhysicsJoysticController.cs
  artifactKey: Guid(ea98e1b0ac94f4c94b2344b0ce9ec4af) Importer(815301076,1909f56bfc062723c751e8b465ee728b)
Start importing Assets/Scripts/MoveByPhysicsJoysticController.cs using Guid(ea98e1b0ac94f4c94b2344b0ce9ec4af) Importer(815301076,1909f56bfc062723c751e8b465ee728b)  -> (artifact id: '66fdb263536fe58c8fad0adb80a0d352') in 0.033968 seconds 
========================================================================
Received Import Request.
  Time since last request: 94.644737 seconds.
  path: Assets/Scripts/Player/MoveByPhysicsJoysticController.cs
  artifactKey: Guid(ea98e1b0ac94f4c94b2344b0ce9ec4af) Importer(815301076,1909f56bfc062723c751e8b465ee728b)
Start importing Assets/Scripts/Player/MoveByPhysicsJoysticController.cs using Guid(ea98e1b0ac94f4c94b2344b0ce9ec4af) Importer(815301076,1909f56bfc062723c751e8b465ee728b)  -> (artifact id: '4f332613a5acaa953c727eca22f2a353') in 0.006359 seconds 
========================================================================
Received Import Request.
  Time since last request: 7.803175 seconds.
  path: Assets/Scripts/Player/MoveByPhysicsController.cs
  artifactKey: Guid(ea98e1b0ac94f4c94b2344b0ce9ec4af) Importer(815301076,1909f56bfc062723c751e8b465ee728b)
Start importing Assets/Scripts/Player/MoveByPhysicsController.cs using Guid(ea98e1b0ac94f4c94b2344b0ce9ec4af) Importer(815301076,1909f56bfc062723c751e8b465ee728b)  -> (artifact id: '3edc0b71df09c52477eee21201f49c5f') in 0.000842 seconds 
========================================================================
Received Import Request.
  Time since last request: 152.234836 seconds.
  path: Assets/Modules/Joystick Pack
  artifactKey: Guid(d66bcebc0297e48eea51c402e71374b1) Importer(815301076,1909f56bfc062723c751e8b465ee728b)
Start importing Assets/Modules/Joystick Pack using Guid(d66bcebc0297e48eea51c402e71374b1) Importer(815301076,1909f56bfc062723c751e8b465ee728b)  -> (artifact id: 'a289d5340829c0d8a9b15ecec44fe880') in 0.001656 seconds 
